-------------------------------------------------------------------------------
Test set: memory.SharedMatrixTest
-------------------------------------------------------------------------------
Tests run: 3, Failures: 1, Errors: 2, Skipped: 0, Time elapsed: 0.099 s <<< FAILURE! -- in memory.SharedMatrixTest
memory.SharedMatrixTest.testConstructAndReadRowMajor -- Time elapsed: 0.046 s <<< FAILURE!
org.opentest4j.AssertionFailedError: Matrix should have two rows ==> expected: <2> but was: <0>
	at org.junit.jupiter.api.AssertionFailureBuilder.build(AssertionFailureBuilder.java:151)
	at org.junit.jupiter.api.AssertionFailureBuilder.buildAndThrow(AssertionFailureBuilder.java:132)
	at org.junit.jupiter.api.AssertEquals.failNotEqual(AssertEquals.java:197)
	at org.junit.jupiter.api.AssertEquals.assertEquals(AssertEquals.java:150)
	at org.junit.jupiter.api.Assertions.assertEquals(Assertions.java:559)
	at memory.SharedMatrixTest.testConstructAndReadRowMajor(SharedMatrixTest.java:15)
	at java.base/java.lang.reflect.Method.invoke(Method.java:580)
	at java.base/java.util.ArrayList.forEach(ArrayList.java:1596)
	at java.base/java.util.ArrayList.forEach(ArrayList.java:1596)

memory.SharedMatrixTest.testGetVectorLengthAndOrientation -- Time elapsed: 0.003 s <<< ERROR!
java.lang.NullPointerException: Cannot invoke "memory.SharedVector.length()" because "v" is null
	at memory.SharedMatrixTest.testGetVectorLengthAndOrientation(SharedMatrixTest.java:39)
	at java.base/java.lang.reflect.Method.invoke(Method.java:580)
	at java.base/java.util.ArrayList.forEach(ArrayList.java:1596)
	at java.base/java.util.ArrayList.forEach(ArrayList.java:1596)

memory.SharedMatrixTest.testLoadColumnMajor -- Time elapsed: 0.002 s <<< ERROR!
java.lang.NullPointerException: Cannot load from object array because "rows" is null
	at memory.SharedMatrixTest.testLoadColumnMajor(SharedMatrixTest.java:29)
	at java.base/java.lang.reflect.Method.invoke(Method.java:580)
	at java.base/java.util.ArrayList.forEach(ArrayList.java:1596)
	at java.base/java.util.ArrayList.forEach(ArrayList.java:1596)

